{"message":"logger has set","level":"info","service":"user-service"}
{"message":"logger has set","level":"info","service":"user-service"}
{"level":"info","service":"user-service"}
{"message":"logger has set","level":"info","service":"user-service"}
{"message":"breno","level":"info","service":"user-service"}
{"message":"logger has set","level":"info","service":"user-service"}
{"message":"breno","level":"info","service":"user-service"}
{"message":"breno","level":"info","service":"user-service"}
{"message":"logger has set","level":"info","service":"user-service"}
{"message":"logger has set","level":"info","service":"user-service"}
{"message":"GESTOR","level":"info","service":"user-service"}
{"message":"logger has set","level":"info","service":"user-service"}
{"message":"logger has set","level":"info","service":"user-service"}
{"message":"logger has set","level":"info","service":"user-service"}
{"message":"logger has set","level":"info","service":"user-service"}
{"message":"logger has set","level":"info","service":"user-service"}
{"message":"logger has set","level":"info","service":"user-service"}
{"message":"logger has set","level":"info","service":"user-service"}
{"message":"logger has set","level":"info","service":"user-service"}
{"message":"logger has set","level":"info","service":"user-service"}
{"message":"logger has set","level":"info","service":"user-service"}
{"message":"logger has set","level":"info","service":"user-service"}
{"message":"logger has set","level":"info","service":"user-service"}
{"message":{"id":"3335cf03-4baf-4688-b965-63725bd90c23","name":"GESTOR"},"level":"info","service":"user-service"}
{"message":"logger has set","level":"info","service":"user-service"}
{"message":{"name":"GESTOR"},"level":"info","service":"user-service"}
{"message":"logger has set","level":"info","service":"user-service"}
{"message":"logger has set","level":"info","service":"user-service"}
{"message":"logger has set","level":"info","service":"user-service"}
{"message":"logger has set","level":"info","service":"user-service"}
{"message":"logger has set","level":"info","service":"user-service"}
{"message":"logger has set","level":"info","service":"user-service"}
{"message":"logger has set","level":"info","service":"user-service"}
{"message":"logger has set","level":"info","service":"user-service"}
{"message":"logger has set","level":"info","service":"user-service"}
{"message":"logger has set","level":"info","service":"user-service"}
{"message":"logger has set","level":"info","service":"user-service"}
{"message":"logger has set","level":"info","service":"user-service"}
{"message":"logger has set","level":"info","service":"user-service"}
{"message":"logger has set","level":"info","service":"user-service"}
{"message":"logger has set","level":"info","service":"user-service"}
{"message":"logger has set","level":"info","service":"user-service"}
{"message":"logger has set","level":"info","service":"user-service"}
{"message":"logger has set","level":"info","service":"user-service"}
{"message":"logger has set","level":"info","service":"user-service"}
{"message":"logger has set","level":"info","service":"user-service"}
{"message":"logger has set","level":"info","service":"user-service"}
{"message":"logger has set","level":"info","service":"user-service"}
{"message":"logger has set","level":"info","service":"user-service"}
{"message":"logger has set","level":"info","service":"user-service"}
{"message":"logger has set","level":"info","service":"user-service"}
{"message":"logger has set","level":"info","service":"user-service"}
{"message":"logger has set","level":"info","service":"user-service"}
{"message":"logger has set","level":"info","service":"user-service"}
{"message":"logger has set","level":"info","service":"user-service"}
{"message":"logger has set","level":"info","service":"user-service"}
{"message":[{},{},{},{}],"level":"info","service":"user-service"}
{"message":"logger has set","level":"info","service":"user-service"}
{"message":"logger has set","level":"info","service":"user-service"}
{"message":"logger has set","level":"info","service":"user-service"}
{"message":"logger has set","level":"info","service":"user-service"}
{"message":"logger has set","level":"info","service":"user-service"}
{"message":"logger has set","level":"info","service":"user-service"}
{"message":"logger has set","level":"info","service":"user-service"}
{"message":"logger has set","level":"info","service":"user-service"}
{"message":"logger has set","level":"info","service":"user-service"}
{"message":"logger has set","level":"info","service":"user-service"}
{"message":"logger has set","level":"info","service":"user-service"}
{"message":"logger has set","level":"info","service":"user-service"}
{"message":"logger has set","level":"info","service":"user-service"}
{"message":"logger has set","level":"info","service":"user-service"}
{"message":"logger has set","level":"info","service":"user-service"}
{"message":"logger has set","level":"info","service":"user-service"}
{"message":"logger has set","level":"info","service":"user-service"}
{"message":"logger has set","level":"info","service":"user-service"}
{"message":"logger has set","level":"info","service":"user-service"}
{"message":"logger has set","level":"info","service":"user-service"}
{"message":"logger has set","level":"info","service":"user-service"}
{"message":"logger has set","level":"info","service":"user-service"}
{"message":"logger has set","level":"info","service":"user-service"}
{"message":"logger has set","level":"info","service":"user-service"}
{"message":"logger has set","level":"info","service":"user-service"}
{"message":"logger has set","level":"info","service":"user-service"}
{"message":"logger has set","level":"info","service":"user-service"}
{"message":"logger has set","level":"info","service":"user-service"}
{"message":"logger has set","level":"info","service":"user-service"}
{"message":"logger has set","level":"info","service":"user-service"}
{"message":"logger has set","level":"info","service":"user-service"}
{"message":"logger has set","level":"info","service":"user-service"}
{"message":"logger has set","level":"info","service":"user-service"}
{"message":"logger has set","level":"info","service":"user-service"}
{"message":"logger has set","level":"info","service":"user-service"}
{"message":"logger has set","level":"info","service":"user-service"}
{"message":"logger has set","level":"info","service":"user-service"}
{"message":"logger has set","level":"info","service":"user-service"}
{"message":"logger has set","level":"info","service":"user-service"}
{"message":"logger has set","level":"info","service":"user-service"}
{"message":"logger has set","level":"info","service":"user-service"}
{"message":"logger has set","level":"info","service":"user-service"}
{"message":"logger has set","level":"info","service":"user-service"}
{"message":"logger has set","level":"info","service":"user-service"}
{"message":"logger has set","level":"info","service":"user-service"}
{"message":"logger has set","level":"info","service":"user-service"}
{"message":"logger has set","level":"info","service":"user-service"}
{"message":"logger has set","level":"info","service":"user-service"}
{"message":"logger has set","level":"info","service":"user-service"}
{"message":"logger has set","level":"info","service":"user-service"}
{"message":"logger has set","level":"info","service":"user-service"}
{"message":"logger has set","level":"info","service":"user-service"}
{"message":"logger has set","level":"info","service":"user-service"}
{"message":"logger has set","level":"info","service":"user-service"}
{"message":"logger has set","level":"info","service":"user-service"}
{"message":"logger has set","level":"info","service":"user-service"}
{"message":"logger has set","level":"info","service":"user-service"}
{"message":"logger has set","level":"info","service":"user-service"}
{"message":"logger has set","level":"info","service":"user-service"}
{"message":"logger has set","level":"info","service":"user-service"}
{"message":"logger has set","level":"info","service":"user-service"}
{"message":"logger has set","level":"info","service":"user-service"}
{"message":"logger has set","level":"info","service":"user-service"}
{"message":"logger has set","level":"info","service":"user-service"}
{"message":"logger has set","level":"info","service":"user-service"}
{"message":"logger has set","level":"info","service":"user-service"}
{"message":"logger has set","level":"info","service":"user-service"}
{"message":"logger has set","level":"info","service":"user-service"}
{"message":"logger has set","level":"info","service":"user-service"}
{"message":"logger has set","level":"info","service":"user-service"}
{"message":"logger has set","level":"info","service":"user-service"}
{"message":"logger has set","level":"info","service":"user-service"}
{"message":"logger has set","level":"info","service":"user-service"}
{"message":"logger has set","level":"info","service":"user-service"}
